TN:HashCover
SF:/home/uwu/Proga/4sem_IT/HashTable/HashTable.c
FN:35,my_calloc
FNDA:24322,my_calloc
FN:51,cmpKeys_
FNDA:67404900,cmpKeys_
FN:62,calcFactors_
FNDA:24450,calcFactors_
FN:68,initTable_
FNDA:45,initTable_
FN:77,findElem_
FNDA:42321,findElem_
FN:98,what
FNDA:33,what
FN:145,check_table_
FNDA:42243,check_table_
FN:186,Hash
FNDA:54453,Hash
FN:206,createHashTable
FNDA:18,createHashTable
FN:235,insertCell_
FNDA:12309,insertCell_
FN:256,rehash_
FNDA:35,rehash_
FN:290,rehash
FNDA:12189,rehash
FN:310,freeHashTable
FNDA:9,freeHashTable
FN:330,copyKey_
FNDA:12126,copyKey_
FN:343,addNewElem_
FNDA:12129,addNewElem_
FN:393,addElem
FNDA:12174,addElem
FN:429,copyElem_
FNDA:12,copyElem_
FN:442,getElem
FNDA:11904,getElem
FN:471,removeElem
FNDA:5967,removeElem
DA:35,24322
DA:37,24322
DA:39,13
DA:42,24309
DA:44,6
DA:47,24309
DA:51,67404900
DA:53,67404900
DA:55,57
DA:58,67404800
DA:62,24450
DA:64,24450
DA:65,24450
DA:66,24450
DA:68,45
DA:70,45
DA:71,45
DA:72,45
DA:73,45
DA:74,45
DA:75,45
DA:77,42321
DA:79,42321
DA:80,42321
DA:81,42321
DA:83,67447200
DA:85,67404900
DA:86,67404900
DA:88,67404900
DA:90,9
DA:91,9
DA:95,42312
DA:98,33
DA:100,33
DA:102,30
DA:104,3
DA:105,3
DA:106,3
DA:108,3
DA:109,3
DA:110,3
DA:112,3
DA:113,3
DA:114,3
DA:116,3
DA:117,3
DA:118,3
DA:120,3
DA:121,3
DA:122,3
DA:124,3
DA:125,3
DA:126,3
DA:128,3
DA:129,3
DA:130,3
DA:132,3
DA:133,3
DA:134,3
DA:136,3
DA:137,3
DA:138,3
DA:140,3
DA:141,3
DA:145,42243
DA:147,42243
DA:149,6
DA:150,6
DA:153,42237
DA:155,3
DA:156,3
DA:159,42234
DA:161,3
DA:162,3
DA:165,42231
DA:167,3
DA:168,3
DA:171,42228
DA:173,3
DA:174,3
DA:177,42225
DA:179,9
DA:180,9
DA:183,42216
DA:186,54453
DA:188,54453
DA:190,3
DA:193,54450
DA:194,54450
DA:195,54450
DA:197,381063
DA:199,326613
DA:200,326613
DA:203,54450
DA:206,18
DA:208,18
DA:210,18
DA:212,3
DA:213,3
DA:216,15
DA:218,3
DA:221,15
DA:223,15
DA:225,3
DA:226,3
DA:227,3
DA:230,12
DA:232,12
DA:235,12309
DA:237,12309
DA:239,3
DA:240,3
DA:243,12306
DA:244,12306
DA:246,12306
DA:248,0
DA:251,12306
DA:252,12306
DA:253,12306
DA:256,35
DA:258,35
DA:260,1
DA:261,1
DA:264,34
DA:266,34
DA:268,1
DA:269,1
DA:272,33
DA:273,33
DA:275,33
DA:277,33
DA:279,24615
DA:281,24582
DA:283,12306
DA:287,33
DA:290,12189
DA:292,12189
DA:294,3
DA:297,12186
DA:299,30
DA:300,30
DA:303,12156
DA:305,3
DA:306,3
DA:310,9
DA:312,9
DA:314,3
DA:317,24612
DA:319,24606
DA:321,12102
DA:322,12102
DA:326,6
DA:327,6
DA:330,12126
DA:332,12126
DA:333,12126
DA:335,12126
DA:337,12123
DA:340,12126
DA:343,12129
DA:345,12129
DA:346,12129
DA:347,12129
DA:349,24199100
DA:351,24187000
DA:352,24187000
DA:355,12129
DA:357,12129
DA:359,3
DA:360,3
DA:363,12126
DA:365,0
DA:366,0
DA:367,0
DA:370,12126
DA:372,12126
DA:374,3
DA:375,3
DA:376,3
DA:379,12123
DA:381,21
DA:384,12123
DA:385,12123
DA:387,12123
DA:388,12123
DA:390,12123
DA:393,12174
DA:395,12174
DA:397,15
DA:400,12159
DA:402,3
DA:403,3
DA:406,12156
DA:407,12156
DA:409,12156
DA:411,0
DA:414,12156
DA:416,12156
DA:418,3
DA:421,12153
DA:423,24
DA:426,12129
DA:429,12
DA:431,12
DA:432,12
DA:434,12
DA:436,12
DA:439,12
DA:442,11904
DA:444,11904
DA:446,3
DA:449,11901
DA:451,3
DA:452,3
DA:455,11898
DA:457,11898
DA:459,3
DA:462,11895
DA:464,12
DA:467,11883
DA:471,5967
DA:473,5967
DA:475,3
DA:478,5964
DA:480,3
DA:481,3
DA:484,5961
DA:486,5961
DA:488,3
DA:491,5958
DA:493,21
DA:494,21
DA:495,21
DA:496,21
DA:497,21
DA:499,21
DA:500,21
DA:501,21
DA:503,21
end_of_record
